<?xml version="1.0" encoding="UTF-8"?>
<!DOCTYPE beans PUBLIC "-//SPRING//DTD BEAN//EN" "http://www.springframework.org/dtd/spring-beans.dtd">
<beans>

  <bean id="propertyConfigurer" class="org.springframework.beans.factory.config.PropertyPlaceholderConfigurer">
    <!--todo relative path?-->
    <property name="location"><value>classpath:db.properties</value></property>
  </bean>

  <bean id="abstractDbSource" class="com.opengamma.util.db.DbSourceFactoryBean" abstract="true">
    <property name="transactionIsolationLevelName" value="ISOLATION_READ_COMMITTED" />
    <property name="transactionPropagationBehaviorName" value="PROPAGATION_REQUIRED" />
    <property name="hibernateMappingFiles">
      <list>
        <bean class="com.opengamma.masterdb.security.hibernate.HibernateSecurityMasterFiles"/>
      </list>
    </property>
  </bean>

  <bean id="positionMasterChangeManager" class="com.opengamma.core.change.BasicChangeManager" />
  <bean id="securityMasterChangeManager" class="com.opengamma.core.change.BasicChangeManager" />

  <!-- ============================================================================== -->
  <bean id="hsqldbDataSource" class="org.apache.commons.dbcp.BasicDataSource" destroy-method="close">
    <property name="driverClassName" value="${hsqldb.jdbc.driver}"/>
    <property name="url" value="${hsqldb.jdbc.url}/test_${user.name}"/>
    <property name="username" value="${hsqldb.jdbc.username}"/>
    <property name="password" value="${hsqldb.jdbc.password}"/>
  </bean>

  <bean id="hsqldbDbSource" parent="abstractDbSource">
    <property name="name" value="FinancialTestsHSQL"/>
    <property name="dataSource" ref="hsqldbDataSource"/>
    <property name="dialect" value="com.opengamma.util.db.HSQLDbHelper"/>
  </bean>

  <bean id="hsqldbDbConfigMaster" class="com.opengamma.masterdb.config.DbConfigMaster">
    <constructor-arg ref="hsqldbDbSource" />
    <property name="identifierScheme" value="DbCfg" />
  </bean>

  <bean id="hsqldbDbPortfolioMaster" class="com.opengamma.masterdb.portfolio.DbPortfolioMaster">
    <constructor-arg ref="hsqldbDbSource" />
    <property name="identifierScheme" value="DbPrt" />
  </bean>

  <bean id="hsqldbDbPositionMaster" class="com.opengamma.masterdb.position.DbPositionMaster">
    <constructor-arg ref="hsqldbDbSource" />
    <property name="changeManager" ref="positionMasterChangeManager" />
    <property name="identifierScheme" value="DbPos" />
  </bean>

  <bean id="hsqldbDbSecurityMaster" class="com.opengamma.masterdb.security.DbSecurityMaster">
    <constructor-arg ref="hsqldbDbSource" />
    <property name="changeManager" ref="securityMasterChangeManager" />
    <property name="identifierScheme" value="DbSec" />
  </bean>

  <bean id="hsqldbDbHistoricalTimeSeriesMaster" class="com.opengamma.masterdb.historicaltimeseries.DbHistoricalTimeSeriesMaster">
    <constructor-arg ref="hsqldbDbSource" />
    <property name="identifierScheme" value="DbHts" />
  </bean>

  <bean id="hsqldbDbExchangeMaster" class="com.opengamma.masterdb.exchange.DbExchangeMaster">
    <constructor-arg ref="hsqldbDbSource" />
    <property name="identifierScheme" value="DbExg" />
  </bean>
  
  <bean id="hsqldbDbMarketDataSnapshotMaster" class="com.opengamma.masterdb.marketdatasnapshot.DbMarketDataSnapshotMaster">
    <constructor-arg ref="hsqldbDbSource" />
    <property name="identifierScheme" value="DbSnp" />
  </bean>

  <bean id="hsqldbDbHolidayMaster" class="com.opengamma.masterdb.holiday.DbHolidayMaster">
    <constructor-arg ref="hsqldbDbSource" />
    <property name="identifierScheme" value="DbHol" />
  </bean>

  <!-- ============================================================================== -->
  <bean id="postgresDataSource" class="org.apache.commons.dbcp.BasicDataSource" destroy-method="close">
    <property name="driverClassName" value="${postgres.jdbc.driver}"/>
    <property name="url" value="${postgres.jdbc.url}/test_${user.name}"/>
    <property name="username" value="${postgres.jdbc.username}"/>
    <property name="password" value="${postgres.jdbc.password}"/>
  </bean>

  <bean id="postgresDbSource" parent="abstractDbSource">
    <property name="name" value="FinancialTestsPostgres"/>
    <property name="dataSource" ref="postgresDataSource"/>
    <property name="dialect" value="com.opengamma.util.db.PostgreSQLDbHelper"/>
  </bean>

  <bean id="postgresDbConfigMaster" class="com.opengamma.masterdb.config.DbConfigMaster">
    <constructor-arg ref="postgresDbSource" />
    <property name="identifierScheme" value="DbCfg" />
  </bean>

  <bean id="postgresDbPortfolioMaster" class="com.opengamma.masterdb.portfolio.DbPortfolioMaster">
    <constructor-arg ref="postgresDbSource" />
    <property name="identifierScheme" value="DbPrt" />
  </bean>

  <bean id="postgresDbPositionMaster" class="com.opengamma.masterdb.position.DbPositionMaster">
    <constructor-arg ref="postgresDbSource" />
    <property name="changeManager" ref="positionMasterChangeManager" />
    <property name="identifierScheme" value="DbPos" />
  </bean>

  <bean id="postgresDbSecurityMaster" class="com.opengamma.masterdb.security.DbSecurityMaster">
    <constructor-arg ref="postgresDbSource" />
    <property name="changeManager" ref="securityMasterChangeManager" />
    <property name="identifierScheme" value="DbSec" />
  </bean>

  <bean id="postgresDbHistoricalTimeSeriesMaster" class="com.opengamma.masterdb.historicaltimeseries.DbHistoricalTimeSeriesMaster">
    <constructor-arg ref="postgresDbSource" />
    <property name="identifierScheme" value="DbHts" />
  </bean>

  <bean id="postgresDbExchangeMaster" class="com.opengamma.masterdb.exchange.DbExchangeMaster">
    <constructor-arg ref="postgresDbSource" />
    <property name="identifierScheme" value="DbExg" />
  </bean>
  
  <bean id="postgresDbMarketDataSnapshotMaster" class="com.opengamma.masterdb.marketdatasnapshot.DbMarketDataSnapshotMaster">
    <constructor-arg ref="postgresDbSource" />
    <property name="identifierScheme" value="DbSnp" />
  </bean>

  <bean id="postgresDbHolidayMaster" class="com.opengamma.masterdb.holiday.DbHolidayMaster">
    <constructor-arg ref="postgresDbSource" />
    <property name="identifierScheme" value="DbHol" />
  </bean>

</beans>
