<?xml version="1.0" encoding="UTF-8"?>
<!DOCTYPE hibernate-configuration PUBLIC
		"-//Hibernate/Hibernate Configuration DTD 3.0//EN"
		"http://hibernate.sourceforge.net/hibernate-configuration-3.0.dtd">
<hibernate-configuration>
    <session-factory>
        <!-- Note that these connection details need to be in the spring files also - i
             these are for the hibernate toolchain that is unaware of Spring -->
        <property name="hibernate.connection.driver_class">org.apache.derby.jdbc.EmbeddedDriver</property>
        <property name="hibernate.connection.url">jdbc:derby:testBlank;create=true</property>
        <property name="hibernate.dialect">org.hibernate.dialect.DerbyDialect</property>
        <mapping resource="com/opengamma/financial/security/db/DomainSpecificIdentifierBean.hbm.xml"/>
        <mapping resource="com/opengamma/financial/security/db/EnumBeans.hbm.xml"/>
        <mapping resource="com/opengamma/financial/security/db/EquitySecurityBean.hbm.xml"/>     
    </session-factory>
</hibernate-configuration>
