<?xml version="1.0" encoding="UTF-8"?>
<!DOCTYPE beans PUBLIC "-//SPRING//DTD BEAN//EN" "http://www.springframework.org/dtd/spring-beans.dtd">
<beans>

  <bean id="propertyConfigurer" class="org.springframework.beans.factory.config.PropertyPlaceholderConfigurer">
    <property name="location"><value>file:tests.properties</value></property>
  </bean>

  <bean id="abstractDbSource" class="com.opengamma.util.db.DbSourceFactoryBean" abstract="true">
    <property name="transactionIsolationLevelName" value="ISOLATION_SERIALIZABLE" />
    <property name="transactionPropagationBehaviorName" value="PROPAGATION_REQUIRED" />
  </bean>

  <!-- ============================================================================== -->
  <bean id="hsqldbDataSource" class="org.apache.commons.dbcp.BasicDataSource" destroy-method="close">
    <property name="driverClassName" value="${hsqldb.jdbc.driver}"/>
    <property name="url" value="${hsqldb.jdbc.url}/test_${user.name}"/>
    <property name="username" value="${hsqldb.jdbc.username}"/>
    <property name="password" value="${hsqldb.jdbc.password}"/>
  </bean>

  <bean id="hsqldbDbSource" parent="abstractDbSource">
    <property name="name" value="EngineTestsHSQL"/>
    <property name="dataSource" ref="hsqldbDataSource"/>
    <property name="dialect" value="com.opengamma.util.db.HSQLDbHelper"/>
  </bean>

  <bean id="hsqldbDbFunctionCostsMaster" class="com.opengamma.engine.view.calcnode.stats.DbFunctionCostsMaster">
    <constructor-arg ref="hsqldbDbSource" />
  </bean>

  <!-- ============================================================================== -->
  <bean id="postgresDataSource" class="org.apache.commons.dbcp.BasicDataSource" destroy-method="close">
    <property name="driverClassName" value="${postgres.jdbc.driver}"/>
    <property name="url" value="${postgres.jdbc.url}/test_${user.name}"/>
    <property name="username" value="${postgres.jdbc.username}"/>
    <property name="password" value="${postgres.jdbc.password}"/>
  </bean>

  <bean id="postgresDbSource" parent="abstractDbSource">
    <property name="name" value="FinancialTestsPostgres"/>
    <property name="dataSource" ref="postgresDataSource"/>
    <property name="dialect" value="com.opengamma.util.db.PostgreSQLDbHelper"/>
  </bean>

  <bean id="postgresDbFunctionCostsMaster" class="com.opengamma.engine.view.calcnode.stats.DbFunctionCostsMaster">
    <constructor-arg ref="postgresDbSource" />
  </bean>

</beans>
