<?xml version="1.0" encoding="UTF-8"?>
<!DOCTYPE beans PUBLIC "-//SPRING//DTD BEAN//EN" "http://www.springframework.org/dtd/spring-beans.dtd">
<beans>

  <bean id="propertyConfigurer" class="org.springframework.beans.factory.config.PropertyPlaceholderConfigurer">
    <property name="location"><value>file:tests.properties</value></property>
  </bean>

  <bean id="abstractDbSource" class="com.opengamma.util.db.DbSourceFactoryBean" abstract="true">
    <property name="transactionIsolationLevelName" value="ISOLATION_SERIALIZABLE" />
    <property name="transactionPropagationBehaviorName" value="PROPAGATION_REQUIRED" />
    <property name="hibernateMappingResources">
      <list>
        <value>com/opengamma/financial/security/master/db/hibernate/future/BondFutureTypeBean.hbm.xml</value>
        <value>com/opengamma/financial/security/master/db/hibernate/bond/BondSecurityBean.hbm.xml</value>
        <value>com/opengamma/financial/security/master/db/hibernate/BusinessDayConventionBean.hbm.xml</value>
        <value>com/opengamma/financial/security/master/db/hibernate/future/CashRateTypeBean.hbm.xml</value>
        <value>com/opengamma/financial/security/master/db/hibernate/future/CommodityFutureTypeBean.hbm.xml</value>
        <value>com/opengamma/financial/security/master/db/hibernate/bond/CouponTypeBean.hbm.xml</value>
        <value>com/opengamma/financial/security/master/db/hibernate/CurrencyBean.hbm.xml</value>
        <value>com/opengamma/financial/security/master/db/hibernate/DayCountBean.hbm.xml</value>
        <value>com/opengamma/financial/security/master/db/hibernate/equity/EquitySecurityBean.hbm.xml</value>
        <value>com/opengamma/financial/security/master/db/hibernate/ExchangeBean.hbm.xml</value>
        <value>com/opengamma/financial/security/master/db/hibernate/fra/FRASecurityBean.hbm.xml</value>
        <value>com/opengamma/financial/security/master/db/hibernate/FrequencyBean.hbm.xml</value>
        <value>com/opengamma/financial/security/master/db/hibernate/future/FutureBundleBean.hbm.xml</value>
        <value>com/opengamma/financial/security/master/db/hibernate/future/FutureSecurityBean.hbm.xml</value>
        <value>com/opengamma/financial/security/master/db/hibernate/equity/GICSCodeBean.hbm.xml</value>
        <value>com/opengamma/financial/security/master/db/hibernate/bond/GuaranteeTypeBean.hbm.xml</value>
        <value>com/opengamma/financial/security/master/db/hibernate/IdentifierAssociationBean.hbm.xml</value>
        <value>com/opengamma/financial/security/master/db/hibernate/bond/IssuerTypeBean.hbm.xml</value>
        <value>com/opengamma/financial/security/master/db/hibernate/bond/MarketBean.hbm.xml</value>
        <value>com/opengamma/financial/security/master/db/hibernate/option/OptionSecurityBean.hbm.xml</value>
        <value>com/opengamma/financial/security/master/db/hibernate/SecurityBean.hbm.xml</value>
        <value>com/opengamma/financial/security/master/db/hibernate/future/UnitBean.hbm.xml</value>
        <value>com/opengamma/financial/security/master/db/hibernate/bond/YieldConventionBean.hbm.xml</value>
        <value>com/opengamma/financial/security/master/db/hibernate/swap/SwapSecurityBean.hbm.xml</value>
        <value>com/opengamma/financial/security/master/db/hibernate/cash/CashSecurityBean.hbm.xml</value>
      </list>
    </property>
  </bean>

  <!-- ============================================================================== -->
  <bean id="hsqldbDataSource" class="org.apache.commons.dbcp.BasicDataSource" destroy-method="close">
    <property name="driverClassName" value="${hsqldb.jdbc.driver}"/>
    <property name="url" value="${hsqldb.jdbc.url}/test_${user.name}"/>
    <property name="username" value="${hsqldb.jdbc.username}"/>
    <property name="password" value="${hsqldb.jdbc.password}"/>
  </bean>

  <bean id="hsqldbDbSource" parent="abstractDbSource">
    <property name="name" value="FinancialTestsHSQL"/>
    <property name="dataSource" ref="hsqldbDataSource"/>
    <property name="dialect" value="com.opengamma.util.db.HSQLDbHelper"/>
  </bean>

  <bean id="hsqldbDbPositionMaster" class="com.opengamma.financial.position.master.db.DbPositionMaster">
    <constructor-arg ref="hsqldbDbSource" />
    <property name="identifierScheme" value="DbPos" />
  </bean>

  <bean id="hsqldbDbSecurityMaster" class="com.opengamma.financial.security.master.db.DbSecurityMaster">
    <constructor-arg ref="hsqldbDbSource" />
    <property name="identifierScheme" value="DbSec" />
  </bean>

  <!-- ============================================================================== -->
  <bean id="postgresDataSource" class="org.apache.commons.dbcp.BasicDataSource" destroy-method="close">
    <property name="driverClassName" value="${postgres.jdbc.driver}"/>
    <property name="url" value="${postgres.jdbc.url}/test_${user.name}"/>
    <property name="username" value="${postgres.jdbc.username}"/>
    <property name="password" value="${postgres.jdbc.password}"/>
  </bean>

  <bean id="postgresDbSource" parent="abstractDbSource">
    <property name="name" value="FinancialTestsPostgres"/>
    <property name="dataSource" ref="postgresDataSource"/>
    <property name="dialect" value="com.opengamma.util.db.PostgreSQLDbHelper"/>
  </bean>

  <bean id="postgresDbPositionMaster" class="com.opengamma.financial.position.master.db.DbPositionMaster">
    <constructor-arg ref="postgresDbSource" />
    <property name="identifierScheme" value="DbPos" />
  </bean>

  <bean id="postgresDbSecurityMaster" class="com.opengamma.financial.security.master.db.DbSecurityMaster">
    <constructor-arg ref="postgresDbSource" />
    <property name="identifierScheme" value="DbSec" />
  </bean>

</beans>
