<?xml version="1.0" encoding="UTF-8"?>
<!DOCTYPE beans PUBLIC "-//SPRING//DTD BEAN//EN" "http://www.springframework.org/dtd/spring-beans.dtd">

<beans>
	<!--  import resources from OG-TimeSeriesStorage -->
  	<import resource="classpath:com/opengamma/timeseries/db/postgresTSSQueries.xml" />

	<bean id="propertyConfigurer"
		class="org.springframework.beans.factory.config.PropertyPlaceholderConfigurer">
		<property name="location"><value>file:tests.properties</value></property>
	</bean>
	
	<bean id="derbyDataSource" class="org.apache.commons.dbcp.BasicDataSource" destroy-method="close">
		<property name="driverClassName" value="${derby.jdbc.driver}"/>
		<property name="url" value="${derby.jdbc.url}/test_${user.name}"/>
		<property name="username" value="${derby.jdbc.username}"/>
		<property name="password" value="${derby.jdbc.password}"/>
	</bean>
	
	<bean id="derbyDao" class="com.opengamma.timeseries.db.DerbyTimeSeriesMaster">
		<constructor-arg>
			<bean class="org.springframework.jdbc.datasource.DataSourceTransactionManager">
				<property name="dataSource" ref="derbyDataSource"/>
			</bean>
		</constructor-arg>
		<constructor-arg ref="tssNamedSQLMap"/>
	</bean>
	
	<bean id="postgresDataSource" class="org.apache.commons.dbcp.BasicDataSource" destroy-method="close">
		<property name="driverClassName" value="${postgres.jdbc.driver}"/>
		<property name="url" value="${postgres.jdbc.url}/test_${user.name}?protocolVersion=2"/>
		 <!-- 
		 <property name="url" value="${postgres.jdbc.url}/test_${user.name}"/>
		  -->
		<property name="username" value="${postgres.jdbc.username}"/>
		<property name="password" value="${postgres.jdbc.password}"/>
	</bean>
	
	<bean id="postgresDao" class="com.opengamma.timeseries.db.PostgresTimeSeriesMaster">
		<constructor-arg>
			<bean class="org.springframework.jdbc.datasource.DataSourceTransactionManager">
				<property name="dataSource" ref="postgresDataSource"/>
			</bean>
		</constructor-arg>
		<constructor-arg ref="tssNamedSQLMap"/>
	</bean>
	
</beans>
